c:\users\administrator\desktop\4,5개월차-d2d,mfc\시연회\180819\frameworkhlm1 (1)-프레임 해결하는 중\frameworkhlm1 (1)-충돌처리만드는중.메모참고\client\debug\client.pch
c:\users\administrator\desktop\4,5개월차-d2d,mfc\시연회\180819\frameworkhlm1 (1)-프레임 해결하는 중\frameworkhlm1 (1)-충돌처리만드는중.메모참고\client\debug\vc140.pdb
c:\users\administrator\desktop\4,5개월차-d2d,mfc\시연회\180819\frameworkhlm1 (1)-프레임 해결하는 중\frameworkhlm1 (1)-충돌처리만드는중.메모참고\client\debug\vc140.idb
c:\users\administrator\desktop\4,5개월차-d2d,mfc\시연회\180819\frameworkhlm1 (1)-프레임 해결하는 중\frameworkhlm1 (1)-충돌처리만드는중.메모참고\client\debug\stdafx.obj
c:\users\administrator\desktop\4,5개월차-d2d,mfc\시연회\180819\frameworkhlm1 (1)-프레임 해결하는 중\frameworkhlm1 (1)-충돌처리만드는중.메모참고\client\debug\door.obj
c:\users\administrator\desktop\4,5개월차-d2d,mfc\시연회\180819\frameworkhlm1 (1)-프레임 해결하는 중\frameworkhlm1 (1)-충돌처리만드는중.메모참고\client\debug\keymgr.obj
c:\users\administrator\desktop\4,5개월차-d2d,mfc\시연회\180819\frameworkhlm1 (1)-프레임 해결하는 중\frameworkhlm1 (1)-충돌처리만드는중.메모참고\client\debug\maingame.obj
c:\users\administrator\desktop\4,5개월차-d2d,mfc\시연회\180819\frameworkhlm1 (1)-프레임 해결하는 중\frameworkhlm1 (1)-충돌처리만드는중.메모참고\client\debug\mapmgr.obj
c:\users\administrator\desktop\4,5개월차-d2d,mfc\시연회\180819\frameworkhlm1 (1)-프레임 해결하는 중\frameworkhlm1 (1)-충돌처리만드는중.메모참고\client\debug\mouse.obj
c:\users\administrator\desktop\4,5개월차-d2d,mfc\시연회\180819\frameworkhlm1 (1)-프레임 해결하는 중\frameworkhlm1 (1)-충돌처리만드는중.메모참고\client\debug\multitexture.obj
c:\users\administrator\desktop\4,5개월차-d2d,mfc\시연회\180819\frameworkhlm1 (1)-프레임 해결하는 중\frameworkhlm1 (1)-충돌처리만드는중.메모참고\client\debug\obj.obj
c:\users\administrator\desktop\4,5개월차-d2d,mfc\시연회\180819\frameworkhlm1 (1)-프레임 해결하는 중\frameworkhlm1 (1)-충돌처리만드는중.메모참고\client\debug\objmgr.obj
c:\users\administrator\desktop\4,5개월차-d2d,mfc\시연회\180819\frameworkhlm1 (1)-프레임 해결하는 중\frameworkhlm1 (1)-충돌처리만드는중.메모참고\client\debug\scene.obj
c:\users\administrator\desktop\4,5개월차-d2d,mfc\시연회\180819\frameworkhlm1 (1)-프레임 해결하는 중\frameworkhlm1 (1)-충돌처리만드는중.메모참고\client\debug\scenemgr.obj
c:\users\administrator\desktop\4,5개월차-d2d,mfc\시연회\180819\frameworkhlm1 (1)-프레임 해결하는 중\frameworkhlm1 (1)-충돌처리만드는중.메모참고\client\debug\scrollmgr.obj
c:\users\administrator\desktop\4,5개월차-d2d,mfc\시연회\180819\frameworkhlm1 (1)-프레임 해결하는 중\frameworkhlm1 (1)-충돌처리만드는중.메모참고\client\debug\singletexture.obj
c:\users\administrator\desktop\4,5개월차-d2d,mfc\시연회\180819\frameworkhlm1 (1)-프레임 해결하는 중\frameworkhlm1 (1)-충돌처리만드는중.메모참고\client\debug\terrain.obj
c:\users\administrator\desktop\4,5개월차-d2d,mfc\시연회\180819\frameworkhlm1 (1)-프레임 해결하는 중\frameworkhlm1 (1)-충돌처리만드는중.메모참고\client\debug\texture.obj
c:\users\administrator\desktop\4,5개월차-d2d,mfc\시연회\180819\frameworkhlm1 (1)-프레임 해결하는 중\frameworkhlm1 (1)-충돌처리만드는중.메모참고\client\debug\texturemgr.obj
c:\users\administrator\desktop\4,5개월차-d2d,mfc\시연회\180819\frameworkhlm1 (1)-프레임 해결하는 중\frameworkhlm1 (1)-충돌처리만드는중.메모참고\client\debug\timemgr.obj
c:\users\administrator\desktop\4,5개월차-d2d,mfc\시연회\180819\frameworkhlm1 (1)-프레임 해결하는 중\frameworkhlm1 (1)-충돌처리만드는중.메모참고\client\debug\wall.obj
c:\users\administrator\desktop\4,5개월차-d2d,mfc\시연회\180819\frameworkhlm1 (1)-프레임 해결하는 중\frameworkhlm1 (1)-충돌처리만드는중.메모참고\client\debug\weapon.obj
c:\users\administrator\desktop\4,5개월차-d2d,mfc\시연회\180819\frameworkhlm1 (1)-프레임 해결하는 중\frameworkhlm1 (1)-충돌처리만드는중.메모참고\client\debug\astarmgr.obj
c:\users\administrator\desktop\4,5개월차-d2d,mfc\시연회\180819\frameworkhlm1 (1)-프레임 해결하는 중\frameworkhlm1 (1)-충돌처리만드는중.메모참고\client\debug\client.obj
c:\users\administrator\desktop\4,5개월차-d2d,mfc\시연회\180819\frameworkhlm1 (1)-프레임 해결하는 중\frameworkhlm1 (1)-충돌처리만드는중.메모참고\client\debug\deco.obj
c:\users\administrator\desktop\4,5개월차-d2d,mfc\시연회\180819\frameworkhlm1 (1)-프레임 해결하는 중\frameworkhlm1 (1)-충돌처리만드는중.메모참고\client\debug\device.obj
c:\users\administrator\desktop\4,5개월차-d2d,mfc\시연회\180819\frameworkhlm1 (1)-프레임 해결하는 중\frameworkhlm1 (1)-충돌처리만드는중.메모참고\client\debug\collisionmgr.obj
c:\users\administrator\desktop\4,5개월차-d2d,mfc\시연회\180819\frameworkhlm1 (1)-프레임 해결하는 중\frameworkhlm1 (1)-충돌처리만드는중.메모참고\client\debug\player.obj
c:\users\administrator\desktop\4,5개월차-d2d,mfc\시연회\180819\frameworkhlm1 (1)-프레임 해결하는 중\frameworkhlm1 (1)-충돌처리만드는중.메모참고\client\debug\stage.obj
c:\users\administrator\desktop\4,5개월차-d2d,mfc\시연회\180819\frameworkhlm1 (1)-프레임 해결하는 중\frameworkhlm1 (1)-충돌처리만드는중.메모참고\client\debug\enemy.obj
c:\users\administrator\desktop\4,5개월차-d2d,mfc\시연회\180819\frameworkhlm1 (1)-프레임 해결하는 중\frameworkhlm1 (1)-충돌처리만드는중.메모참고\client\debug\bullet.obj
c:\users\administrator\desktop\4,5개월차-d2d,mfc\시연회\180819\frameworkhlm1 (1)-프레임 해결하는 중\frameworkhlm1 (1)-충돌처리만드는중.메모참고\debug\client.ilk
c:\users\administrator\desktop\4,5개월차-d2d,mfc\시연회\180819\frameworkhlm1 (1)-프레임 해결하는 중\frameworkhlm1 (1)-충돌처리만드는중.메모참고\debug\client.exe
c:\users\administrator\desktop\4,5개월차-d2d,mfc\시연회\180819\frameworkhlm1 (1)-프레임 해결하는 중\frameworkhlm1 (1)-충돌처리만드는중.메모참고\debug\client.pdb
c:\users\administrator\desktop\4,5개월차-d2d,mfc\시연회\180819\frameworkhlm1 (1)-프레임 해결하는 중\frameworkhlm1 (1)-충돌처리만드는중.메모참고\client\debug\client.res
c:\users\administrator\desktop\4,5개월차-d2d,mfc\시연회\180819\frameworkhlm1 (1)-프레임 해결하는 중\frameworkhlm1 (1)-충돌처리만드는중.메모참고\client\debug\client.tlog\cl.command.1.tlog
c:\users\administrator\desktop\4,5개월차-d2d,mfc\시연회\180819\frameworkhlm1 (1)-프레임 해결하는 중\frameworkhlm1 (1)-충돌처리만드는중.메모참고\client\debug\client.tlog\cl.read.1.tlog
c:\users\administrator\desktop\4,5개월차-d2d,mfc\시연회\180819\frameworkhlm1 (1)-프레임 해결하는 중\frameworkhlm1 (1)-충돌처리만드는중.메모참고\client\debug\client.tlog\cl.write.1.tlog
c:\users\administrator\desktop\4,5개월차-d2d,mfc\시연회\180819\frameworkhlm1 (1)-프레임 해결하는 중\frameworkhlm1 (1)-충돌처리만드는중.메모참고\client\debug\client.tlog\link.command.1.tlog
c:\users\administrator\desktop\4,5개월차-d2d,mfc\시연회\180819\frameworkhlm1 (1)-프레임 해결하는 중\frameworkhlm1 (1)-충돌처리만드는중.메모참고\client\debug\client.tlog\link.read.1.tlog
c:\users\administrator\desktop\4,5개월차-d2d,mfc\시연회\180819\frameworkhlm1 (1)-프레임 해결하는 중\frameworkhlm1 (1)-충돌처리만드는중.메모참고\client\debug\client.tlog\link.write.1.tlog
c:\users\administrator\desktop\4,5개월차-d2d,mfc\시연회\180819\frameworkhlm1 (1)-프레임 해결하는 중\frameworkhlm1 (1)-충돌처리만드는중.메모참고\client\debug\client.tlog\rc.command.1.tlog
c:\users\administrator\desktop\4,5개월차-d2d,mfc\시연회\180819\frameworkhlm1 (1)-프레임 해결하는 중\frameworkhlm1 (1)-충돌처리만드는중.메모참고\client\debug\client.tlog\rc.read.1.tlog
c:\users\administrator\desktop\4,5개월차-d2d,mfc\시연회\180819\frameworkhlm1 (1)-프레임 해결하는 중\frameworkhlm1 (1)-충돌처리만드는중.메모참고\client\debug\client.tlog\rc.write.1.tlog
