  Server.cpp
f:\kpu\3-2 networkgameprogramming\termproject\server\server\server\server.cpp(66): warning C4091: 'typedef ': 변수를 선언하지 않으면 'BulletInfo' 왼쪽은 무시됩니다.
f:\kpu\3-2 networkgameprogramming\termproject\server\server\server\server.cpp(115): warning C4091: 'typedef ': 변수를 선언하지 않으면 'PlayerNumCheck' 왼쪽은 무시됩니다.
f:\kpu\3-2 networkgameprogramming\termproject\server\server\server\server.cpp(137): warning C4244: '=': 'double'에서 'float'(으)로 변환하면서 데이터가 손실될 수 있습니다.
f:\kpu\3-2 networkgameprogramming\termproject\server\server\server\server.cpp(138): warning C4244: '=': 'double'에서 'float'(으)로 변환하면서 데이터가 손실될 수 있습니다.
f:\kpu\3-2 networkgameprogramming\termproject\server\server\server\server.cpp(568): warning C4996: 'fopen': This function or variable may be unsafe. Consider using fopen_s instead. To disable deprecation, use _CRT_SECURE_NO_WARNINGS. See online help for details.
  c:\program files (x86)\windows kits\10\include\10.0.17763.0\ucrt\stdio.h(208): note: 'fopen' 선언을 참조하십시오.
f:\kpu\3-2 networkgameprogramming\termproject\server\server\server\server.cpp(571): warning C4996: 'fscanf': This function or variable may be unsafe. Consider using fscanf_s instead. To disable deprecation, use _CRT_SECURE_NO_WARNINGS. See online help for details.
  c:\program files (x86)\windows kits\10\include\10.0.17763.0\ucrt\stdio.h(1197): note: 'fscanf' 선언을 참조하십시오.
f:\kpu\3-2 networkgameprogramming\termproject\server\server\server\server.cpp(581): warning C4996: 'fopen': This function or variable may be unsafe. Consider using fopen_s instead. To disable deprecation, use _CRT_SECURE_NO_WARNINGS. See online help for details.
  c:\program files (x86)\windows kits\10\include\10.0.17763.0\ucrt\stdio.h(208): note: 'fopen' 선언을 참조하십시오.
f:\kpu\3-2 networkgameprogramming\termproject\server\server\server\server.cpp(584): warning C4996: 'fscanf': This function or variable may be unsafe. Consider using fscanf_s instead. To disable deprecation, use _CRT_SECURE_NO_WARNINGS. See online help for details.
  c:\program files (x86)\windows kits\10\include\10.0.17763.0\ucrt\stdio.h(1197): note: 'fscanf' 선언을 참조하십시오.
f:\kpu\3-2 networkgameprogramming\termproject\server\server\server\server.cpp(630): warning C4101: 'buf' :참조되지 않은 지역 변수입니다.
f:\kpu\3-2 networkgameprogramming\termproject\server\server\server\server.cpp(770): warning C4244: '=': 'ULONGLONG'에서 'int'(으)로 변환하면서 데이터가 손실될 수 있습니다.
f:\kpu\3-2 networkgameprogramming\termproject\server\server\server\server.cpp(699): warning C4101: 'buf' :참조되지 않은 지역 변수입니다.
  코드를 생성하고 있습니다.
  0 of 23 functions ( 0.0%) were compiled, the rest were copied from previous compilation.
    0 functions were new in current compilation
    0 functions had inline decision re-evaluated but remain unchanged
  코드를 생성했습니다.
  Server.vcxproj -> F:\KPU\3-2 NetworkGameProgramming\TermProject\Server\Server\x64\Release\Server.exe
