c:\users\administrator\desktop\4,5개월차-d2d,mfc\시연회\180817\frameworkhlm1 (1)-플레이어 애니메이션 처리중\tool\debug\vc140.pdb
c:\users\administrator\desktop\4,5개월차-d2d,mfc\시연회\180819\frameworkhlm1 (1)-프레임 해결하는 중\frameworkhlm1 (1)-충돌처리만드는중.메모참고\tool\debug\tool.pch
c:\users\administrator\desktop\4,5개월차-d2d,mfc\시연회\180819\frameworkhlm1 (1)-프레임 해결하는 중\frameworkhlm1 (1)-충돌처리만드는중.메모참고\tool\debug\vc140.pdb
c:\users\administrator\desktop\4,5개월차-d2d,mfc\시연회\180819\frameworkhlm1 (1)-프레임 해결하는 중\frameworkhlm1 (1)-충돌처리만드는중.메모참고\tool\debug\vc140.idb
c:\users\administrator\desktop\4,5개월차-d2d,mfc\시연회\180819\frameworkhlm1 (1)-프레임 해결하는 중\frameworkhlm1 (1)-충돌처리만드는중.메모참고\tool\debug\stdafx.obj
c:\users\administrator\desktop\4,5개월차-d2d,mfc\시연회\180819\frameworkhlm1 (1)-프레임 해결하는 중\frameworkhlm1 (1)-충돌처리만드는중.메모참고\tool\debug\enemytool.obj
c:\users\administrator\desktop\4,5개월차-d2d,mfc\시연회\180819\frameworkhlm1 (1)-프레임 해결하는 중\frameworkhlm1 (1)-충돌처리만드는중.메모참고\tool\debug\fileinfo.obj
c:\users\administrator\desktop\4,5개월차-d2d,mfc\시연회\180819\frameworkhlm1 (1)-프레임 해결하는 중\frameworkhlm1 (1)-충돌처리만드는중.메모참고\tool\debug\mainfrm.obj
c:\users\administrator\desktop\4,5개월차-d2d,mfc\시연회\180819\frameworkhlm1 (1)-프레임 해결하는 중\frameworkhlm1 (1)-충돌처리만드는중.메모참고\tool\debug\maptool.obj
c:\users\administrator\desktop\4,5개월차-d2d,mfc\시연회\180819\frameworkhlm1 (1)-프레임 해결하는 중\frameworkhlm1 (1)-충돌처리만드는중.메모참고\tool\debug\miniview.obj
c:\users\administrator\desktop\4,5개월차-d2d,mfc\시연회\180819\frameworkhlm1 (1)-프레임 해결하는 중\frameworkhlm1 (1)-충돌처리만드는중.메모참고\tool\debug\multitexture.obj
c:\users\administrator\desktop\4,5개월차-d2d,mfc\시연회\180819\frameworkhlm1 (1)-프레임 해결하는 중\frameworkhlm1 (1)-충돌처리만드는중.메모참고\tool\debug\myform.obj
c:\users\administrator\desktop\4,5개월차-d2d,mfc\시연회\180819\frameworkhlm1 (1)-프레임 해결하는 중\frameworkhlm1 (1)-충돌처리만드는중.메모참고\tool\debug\mypage1.obj
c:\users\administrator\desktop\4,5개월차-d2d,mfc\시연회\180819\frameworkhlm1 (1)-프레임 해결하는 중\frameworkhlm1 (1)-충돌처리만드는중.메모참고\tool\debug\mypage2.obj
c:\users\administrator\desktop\4,5개월차-d2d,mfc\시연회\180819\frameworkhlm1 (1)-프레임 해결하는 중\frameworkhlm1 (1)-충돌처리만드는중.메모참고\tool\debug\mysheet.obj
c:\users\administrator\desktop\4,5개월차-d2d,mfc\시연회\180819\frameworkhlm1 (1)-프레임 해결하는 중\frameworkhlm1 (1)-충돌처리만드는중.메모참고\tool\debug\pathfind.obj
c:\users\administrator\desktop\4,5개월차-d2d,mfc\시연회\180819\frameworkhlm1 (1)-프레임 해결하는 중\frameworkhlm1 (1)-충돌처리만드는중.메모참고\tool\debug\popupwnd.obj
c:\users\administrator\desktop\4,5개월차-d2d,mfc\시연회\180819\frameworkhlm1 (1)-프레임 해결하는 중\frameworkhlm1 (1)-충돌처리만드는중.메모참고\tool\debug\singletexture.obj
c:\users\administrator\desktop\4,5개월차-d2d,mfc\시연회\180819\frameworkhlm1 (1)-프레임 해결하는 중\frameworkhlm1 (1)-충돌처리만드는중.메모참고\tool\debug\terrain.obj
c:\users\administrator\desktop\4,5개월차-d2d,mfc\시연회\180819\frameworkhlm1 (1)-프레임 해결하는 중\frameworkhlm1 (1)-충돌처리만드는중.메모참고\tool\debug\texture.obj
c:\users\administrator\desktop\4,5개월차-d2d,mfc\시연회\180819\frameworkhlm1 (1)-프레임 해결하는 중\frameworkhlm1 (1)-충돌처리만드는중.메모참고\tool\debug\texturemgr.obj
c:\users\administrator\desktop\4,5개월차-d2d,mfc\시연회\180819\frameworkhlm1 (1)-프레임 해결하는 중\frameworkhlm1 (1)-충돌처리만드는중.메모참고\tool\debug\tool.obj
c:\users\administrator\desktop\4,5개월차-d2d,mfc\시연회\180819\frameworkhlm1 (1)-프레임 해결하는 중\frameworkhlm1 (1)-충돌처리만드는중.메모참고\tool\debug\tooldoc.obj
c:\users\administrator\desktop\4,5개월차-d2d,mfc\시연회\180819\frameworkhlm1 (1)-프레임 해결하는 중\frameworkhlm1 (1)-충돌처리만드는중.메모참고\tool\debug\toolview.obj
c:\users\administrator\desktop\4,5개월차-d2d,mfc\시연회\180819\frameworkhlm1 (1)-프레임 해결하는 중\frameworkhlm1 (1)-충돌처리만드는중.메모참고\tool\debug\unittool.obj
c:\users\administrator\desktop\4,5개월차-d2d,mfc\시연회\180819\frameworkhlm1 (1)-프레임 해결하는 중\frameworkhlm1 (1)-충돌처리만드는중.메모참고\tool\debug\device.obj
c:\users\administrator\desktop\4,5개월차-d2d,mfc\시연회\180817\frameworkhlm1 (1)-플레이어 애니메이션 처리중\debug\tool.ilk
c:\users\administrator\desktop\4,5개월차-d2d,mfc\시연회\180817\frameworkhlm1 (1)-플레이어 애니메이션 처리중\debug\tool.exe
c:\users\administrator\desktop\4,5개월차-d2d,mfc\시연회\180817\frameworkhlm1 (1)-플레이어 애니메이션 처리중\debug\tool.pdb
c:\users\administrator\desktop\4,5개월차-d2d,mfc\시연회\180819\frameworkhlm1 (1)-프레임 해결하는 중\frameworkhlm1 (1)-충돌처리만드는중.메모참고\debug\tool.ilk
c:\users\administrator\desktop\4,5개월차-d2d,mfc\시연회\180819\frameworkhlm1 (1)-프레임 해결하는 중\frameworkhlm1 (1)-충돌처리만드는중.메모참고\debug\tool.exe
c:\users\administrator\desktop\4,5개월차-d2d,mfc\시연회\180819\frameworkhlm1 (1)-프레임 해결하는 중\frameworkhlm1 (1)-충돌처리만드는중.메모참고\debug\tool.pdb
c:\users\administrator\desktop\4,5개월차-d2d,mfc\시연회\180819\frameworkhlm1 (1)-프레임 해결하는 중\frameworkhlm1 (1)-충돌처리만드는중.메모참고\tool\debug\tool.res
c:\users\administrator\desktop\4,5개월차-d2d,mfc\시연회\180819\frameworkhlm1 (1)-프레임 해결하는 중\frameworkhlm1 (1)-충돌처리만드는중.메모참고\tool\debug\objecttool.obj
c:\users\administrator\desktop\4,5개월차-d2d,mfc\시연회\180819\frameworkhlm1 (1)-프레임 해결하는 중\frameworkhlm1 (1)-충돌처리만드는중.메모참고\tool\debug\tool.tlog\cl.command.1.tlog
c:\users\administrator\desktop\4,5개월차-d2d,mfc\시연회\180819\frameworkhlm1 (1)-프레임 해결하는 중\frameworkhlm1 (1)-충돌처리만드는중.메모참고\tool\debug\tool.tlog\cl.read.1.tlog
c:\users\administrator\desktop\4,5개월차-d2d,mfc\시연회\180819\frameworkhlm1 (1)-프레임 해결하는 중\frameworkhlm1 (1)-충돌처리만드는중.메모참고\tool\debug\tool.tlog\cl.write.1.tlog
c:\users\administrator\desktop\4,5개월차-d2d,mfc\시연회\180819\frameworkhlm1 (1)-프레임 해결하는 중\frameworkhlm1 (1)-충돌처리만드는중.메모참고\tool\debug\tool.tlog\link.command.1.tlog
c:\users\administrator\desktop\4,5개월차-d2d,mfc\시연회\180819\frameworkhlm1 (1)-프레임 해결하는 중\frameworkhlm1 (1)-충돌처리만드는중.메모참고\tool\debug\tool.tlog\link.read.1.tlog
c:\users\administrator\desktop\4,5개월차-d2d,mfc\시연회\180819\frameworkhlm1 (1)-프레임 해결하는 중\frameworkhlm1 (1)-충돌처리만드는중.메모참고\tool\debug\tool.tlog\link.write.1.tlog
c:\users\administrator\desktop\4,5개월차-d2d,mfc\시연회\180819\frameworkhlm1 (1)-프레임 해결하는 중\frameworkhlm1 (1)-충돌처리만드는중.메모참고\tool\debug\tool.tlog\rc.command.1.tlog
c:\users\administrator\desktop\4,5개월차-d2d,mfc\시연회\180819\frameworkhlm1 (1)-프레임 해결하는 중\frameworkhlm1 (1)-충돌처리만드는중.메모참고\tool\debug\tool.tlog\rc.read.1.tlog
c:\users\administrator\desktop\4,5개월차-d2d,mfc\시연회\180819\frameworkhlm1 (1)-프레임 해결하는 중\frameworkhlm1 (1)-충돌처리만드는중.메모참고\tool\debug\tool.tlog\rc.write.1.tlog
