  stdafx.cpp
  UnitTool.cpp
  ToolView.cpp
  ToolDoc.cpp
  Tool.cpp
  TextureMgr.cpp
  Texture.cpp
  Terrain.cpp
  SingleTexture.cpp
  PopupWnd.cpp
  PathFind.cpp
  MySheet.cpp
  MyPage2.cpp
  MyPage1.cpp
  MyForm.cpp
  MultiTexture.cpp
  MiniView.cpp
  MapTool.cpp
  MainFrm.cpp
  FileInfo.cpp
  EnemyTool.cpp
  코드를 생성하고 있습니다...
  컴파일하고 있습니다...
  Device.cpp
  코드를 생성하고 있습니다...
  Tool.vcxproj -> C:\Users\Administrator\Desktop\4,5개월차-D2D,MFC\시연회\180819\FrameworkHLM1 (1)-프레임 해결하는 중\FrameworkHLM1 (1)-충돌처리만드는중.메모참고\Debug\Tool.exe
  Tool.vcxproj -> C:\Users\Administrator\Desktop\4,5개월차-D2D,MFC\시연회\180819\FrameworkHLM1 (1)-프레임 해결하는 중\FrameworkHLM1 (1)-충돌처리만드는중.메모참고\Debug\Tool.pdb (Partial PDB)
